0 info it worked if it ends with ok
1 verbose cli [ '/usr/local/bin/node',
1 verbose cli   '/usr/local/bin/npm',
1 verbose cli   'install',
1 verbose cli   'jade',
1 verbose cli   '-g' ]
2 info using npm@2.7.4
3 info using node@v0.12.2
4 silly cache add args [ 'jade', null ]
5 verbose cache add spec jade
6 silly cache add parsed spec { raw: 'jade',
6 silly cache add   scope: null,
6 silly cache add   name: 'jade',
6 silly cache add   rawSpec: '',
6 silly cache add   spec: '*',
6 silly cache add   type: 'range' }
7 verbose addNamed jade@*
8 silly addNamed semver.valid null
9 silly addNamed semver.validRange *
10 silly addNameRange { name: 'jade', range: '*', hasData: false }
11 silly mapToRegistry name jade
12 silly mapToRegistry using default registry
13 silly mapToRegistry registry https://registry.npmjs.org/
14 silly mapToRegistry uri https://registry.npmjs.org/jade
15 verbose addNameRange registry:https://registry.npmjs.org/jade not in flight; fetching
16 verbose request uri https://registry.npmjs.org/jade
17 verbose request no auth needed
18 info attempt registry request try #1 at 21:34:18
19 verbose request id b07f7a282c444433
20 verbose etag "BRYY6EU18THYAPN62A3U5BGL9"
21 http request GET https://registry.npmjs.org/jade
22 http 304 https://registry.npmjs.org/jade
23 silly get cb [ 304,
23 silly get   { date: 'Sun, 26 Apr 2015 13:34:19 GMT',
23 silly get     server: 'Apache',
23 silly get     via: '1.1 varnish',
23 silly get     'last-modified': 'Sun, 26 Apr 2015 13:34:19 GMT',
23 silly get     'cache-control': 'max-age=60',
23 silly get     etag: '"BRYY6EU18THYAPN62A3U5BGL9"',
23 silly get     age: '13',
23 silly get     'x-served-by': 'cache-nrt6135-NRT',
23 silly get     'x-cache': 'HIT',
23 silly get     'x-cache-hits': '1',
23 silly get     'x-timer': 'S1430055259.344118,VS0,VE1',
23 silly get     vary: 'Accept',
23 silly get     'content-length': '0',
23 silly get     'keep-alive': 'timeout=10, max=50',
23 silly get     connection: 'Keep-Alive' } ]
24 verbose etag https://registry.npmjs.org/jade from cache
25 verbose get saving jade to /home/hanxg/.npm/registry.npmjs.org/jade/.cache.json
26 silly addNameRange number 2 { name: 'jade', range: '*', hasData: true }
27 silly addNameRange versions [ 'jade',
27 silly addNameRange   [ '0.0.1',
27 silly addNameRange     '0.0.2',
27 silly addNameRange     '0.1.0',
27 silly addNameRange     '0.2.0',
27 silly addNameRange     '0.2.1',
27 silly addNameRange     '0.2.2',
27 silly addNameRange     '0.2.3',
27 silly addNameRange     '0.2.4',
27 silly addNameRange     '0.3.0',
27 silly addNameRange     '0.4.0',
27 silly addNameRange     '0.4.1',
27 silly addNameRange     '0.5.0',
27 silly addNameRange     '0.5.1',
27 silly addNameRange     '0.5.2',
27 silly addNameRange     '0.5.3',
27 silly addNameRange     '0.5.4',
27 silly addNameRange     '0.5.5',
27 silly addNameRange     '0.5.6',
27 silly addNameRange     '0.5.7',
27 silly addNameRange     '0.6.0',
27 silly addNameRange     '0.6.1',
27 silly addNameRange     '0.6.3',
27 silly addNameRange     '0.7.0',
27 silly addNameRange     '0.7.1',
27 silly addNameRange     '0.8.0',
27 silly addNameRange     '0.8.1',
27 silly addNameRange     '0.8.2',
27 silly addNameRange     '0.8.3',
27 silly addNameRange     '0.8.4',
27 silly addNameRange     '0.8.5',
27 silly addNameRange     '0.8.6',
27 silly addNameRange     '0.8.7',
27 silly addNameRange     '0.8.8',
27 silly addNameRange     '0.8.9',
27 silly addNameRange     '0.9.0',
27 silly addNameRange     '0.9.1',
27 silly addNameRange     '0.9.2',
27 silly addNameRange     '0.9.3',
27 silly addNameRange     '0.10.0',
27 silly addNameRange     '0.10.1',
27 silly addNameRange     '0.10.2',
27 silly addNameRange     '0.10.3',
27 silly addNameRange     '0.10.4',
27 silly addNameRange     '0.10.5',
27 silly addNameRange     '0.10.6',
27 silly addNameRange     '0.10.7',
27 silly addNameRange     '0.11.0',
27 silly addNameRange     '0.11.1',
27 silly addNameRange     '0.12.0',
27 silly addNameRange     '0.12.1',
27 silly addNameRange     '0.12.2',
27 silly addNameRange     '0.12.3',
27 silly addNameRange     '0.12.4',
27 silly addNameRange     '0.13.0',
27 silly addNameRange     '0.14.0',
27 silly addNameRange     '0.14.1',
27 silly addNameRange     '0.14.2',
27 silly addNameRange     '0.15.0',
27 silly addNameRange     '0.15.1',
27 silly addNameRange     '0.15.2',
27 silly addNameRange     '0.15.3',
27 silly addNameRange     '0.15.4',
27 silly addNameRange     '0.16.0',
27 silly addNameRange     '0.16.1',
27 silly addNameRange     '0.16.2',
27 silly addNameRange     '0.16.3',
27 silly addNameRange     '0.16.4',
27 silly addNameRange     '0.17.0',
27 silly addNameRange     '0.18.0',
27 silly addNameRange     '0.19.0',
27 silly addNameRange     '0.20.0',
27 silly addNameRange     '0.20.1',
27 silly addNameRange     '0.20.2',
27 silly addNameRange     '0.20.3',
27 silly addNameRange     '0.21.0',
27 silly addNameRange     '0.22.0',
27 silly addNameRange     '0.22.1',
27 silly addNameRange     '0.23.0',
27 silly addNameRange     '0.24.0',
27 silly addNameRange     '0.25.0',
27 silly addNameRange     '0.26.0',
27 silly addNameRange     '0.26.1',
27 silly addNameRange     '0.26.2',
27 silly addNameRange     '0.26.3',
27 silly addNameRange     '0.27.0',
27 silly addNameRange     '0.27.1',
27 silly addNameRange     '0.27.2',
27 silly addNameRange     '0.27.3',
27 silly addNameRange     '0.27.4',
27 silly addNameRange     '0.27.5',
27 silly addNameRange     '0.27.6',
27 silly addNameRange     '0.27.7',
27 silly addNameRange     '0.28.0',
27 silly addNameRange     '0.28.1',
27 silly addNameRange     '0.28.2',
27 silly addNameRange     '0.29.0',
27 silly addNameRange     '0.30.0',
27 silly addNameRange     '0.31.0',
27 silly addNameRange     '0.31.1',
27 silly addNameRange     '0.31.2',
27 silly addNameRange     '0.32.0',
27 silly addNameRange     '0.33.0',
27 silly addNameRange     '0.34.0',
27 silly addNameRange     '0.34.1',
27 silly addNameRange     '0.35.0',
27 silly addNameRange     '1.0.0',
27 silly addNameRange     '1.0.1',
27 silly addNameRange     '1.0.2',
27 silly addNameRange     '1.1.0',
27 silly addNameRange     '1.1.1',
27 silly addNameRange     '1.1.2',
27 silly addNameRange     '1.1.3',
27 silly addNameRange     '1.1.4',
27 silly addNameRange     '1.1.5',
27 silly addNameRange     '1.2.0',
27 silly addNameRange     '1.3.0',
27 silly addNameRange     '1.3.1',
27 silly addNameRange     '1.4.0',
27 silly addNameRange     '1.4.1',
27 silly addNameRange     '1.4.2',
27 silly addNameRange     '1.5.0',
27 silly addNameRange     '1.6.0',
27 silly addNameRange     '1.7.0',
27 silly addNameRange     '1.8.0',
27 silly addNameRange     '1.8.1',
27 silly addNameRange     '1.8.2',
27 silly addNameRange     '1.9.0',
27 silly addNameRange     '1.9.1',
27 silly addNameRange     '1.9.2' ] ]
28 verbose addNamed jade@1.9.2
29 silly addNamed semver.valid 1.9.2
30 silly addNamed semver.validRange 1.9.2
31 silly cache afterAdd jade@1.9.2
32 verbose afterAdd /home/hanxg/.npm/jade/1.9.2/package/package.json not in flight; writing
33 verbose afterAdd /home/hanxg/.npm/jade/1.9.2/package/package.json written
34 silly install resolved [ { name: 'jade',
34 silly install resolved     description: 'A clean, whitespace-sensitive template language for writing HTML',
34 silly install resolved     version: '1.9.2',
34 silly install resolved     author: { name: 'TJ Holowaychuk', email: 'tj@vision-media.ca' },
34 silly install resolved     maintainers: [ [Object], [Object], [Object] ],
34 silly install resolved     license: 'MIT',
34 silly install resolved     repository: { type: 'git', url: 'git://github.com/jadejs/jade' },
34 silly install resolved     main: 'lib',
34 silly install resolved     bin: { jade: './bin/jade.js' },
34 silly install resolved     dependencies:
34 silly install resolved      { 'character-parser': '1.2.1',
34 silly install resolved        commander: '~2.6.0',
34 silly install resolved        constantinople: '~3.0.1',
34 silly install resolved        mkdirp: '~0.5.0',
34 silly install resolved        transformers: '2.1.0',
34 silly install resolved        'void-elements': '~2.0.1',
34 silly install resolved        with: '~4.0.0' },
34 silly install resolved     devDependencies:
34 silly install resolved      { 'coffee-script': '*',
34 silly install resolved        coveralls: '^2.11.2',
34 silly install resolved        mocha: '*',
34 silly install resolved        istanbul: '*',
34 silly install resolved        markdown: '*',
34 silly install resolved        stylus: '*',
34 silly install resolved        should: '*',
34 silly install resolved        less: '<2.0.0',
34 silly install resolved        'uglify-js': '*',
34 silly install resolved        browserify: '*',
34 silly install resolved        linify: '*',
34 silly install resolved        'less-file': '0.0.9',
34 silly install resolved        express: '~4.10.4',
34 silly install resolved        'browserify-middleware': '~4.1.0',
34 silly install resolved        twbs: '0.0.6',
34 silly install resolved        'highlight-codemirror': '~4.1.0',
34 silly install resolved        inconsolata: '0.0.2',
34 silly install resolved        'jade-code-mirror': '~1.0.5',
34 silly install resolved        'code-mirror': '~3.22.0',
34 silly install resolved        handle: '~1.0.0',
34 silly install resolved        'jade-highlighter': '~1.0.5',
34 silly install resolved        marked: '~0.3.2',
34 silly install resolved        stop: '^3.0.0-rc1',
34 silly install resolved        opener: '^1.3.0',
34 silly install resolved        'github-basic': '^4.1.2',
34 silly install resolved        'pull-request': '^3.0.0',
34 silly install resolved        lsr: '^1.0.0',
34 silly install resolved        rimraf: '^2.2.8' },
34 silly install resolved     component: { scripts: [Object] },
34 silly install resolved     scripts:
34 silly install resolved      { test: 'mocha -R spec',
34 silly install resolved        precoverage: 'rimraf coverage && rimraf cov-pt*',
34 silly install resolved        coverage: 'istanbul cover --report none --dir cov-pt0 node_modules/mocha/bin/_mocha -- -R dot',
34 silly install resolved        postcoverage: 'istanbul report --include cov-pt\\*/coverage.json && rimraf cov-pt*',
34 silly install resolved        coveralls: 'npm run coverage && cat ./coverage/lcov.info | coveralls',
34 silly install resolved        prepublish: 'npm prune && linify transform bin && npm run build',
34 silly install resolved        build: 'npm run compile',
34 silly install resolved        compile: 'npm run compile-full && npm run compile-runtime',
34 silly install resolved        'compile-full': 'browserify ./lib/index.js --standalone jade -x ./node_modules/transformers > jade.js',
34 silly install resolved        'compile-runtime': 'browserify ./lib/runtime.js --standalone jade > runtime.js' },
34 silly install resolved     browser: { fs: false, './lib/filters.js': './lib/filters-client.js' },
34 silly install resolved     homepage: 'http://jade-lang.com',
34 silly install resolved     gitHead: '6cc6acfd07a1905ff2e6782a2e06c90e91796ad4',
34 silly install resolved     bugs: { url: 'https://github.com/jadejs/jade/issues' },
34 silly install resolved     _id: 'jade@1.9.2',
34 silly install resolved     _shasum: '0b89f9c60d4ead2738e826ba7b2ccac9a5702abe',
34 silly install resolved     _from: 'jade@*',
34 silly install resolved     _npmVersion: '2.4.1',
34 silly install resolved     _nodeVersion: '1.1.0',
34 silly install resolved     _npmUser: { name: 'forbeslindesay', email: 'forbes@lindesay.co.uk' },
34 silly install resolved     dist:
34 silly install resolved      { shasum: '0b89f9c60d4ead2738e826ba7b2ccac9a5702abe',
34 silly install resolved        tarball: 'http://registry.npmjs.org/jade/-/jade-1.9.2.tgz' },
34 silly install resolved     directories: {},
34 silly install resolved     _resolved: 'https://registry.npmjs.org/jade/-/jade-1.9.2.tgz',
34 silly install resolved     readme: 'ERROR: No README data found!' } ]
35 info install jade@1.9.2 into /usr/local/lib
36 info installOne jade@1.9.2
37 verbose installOne of jade to /usr/local/lib not in flight; installing
38 verbose lock using /home/hanxg/.npm/_locks/jade-a5bf0277675e407f.lock for /usr/local/lib/node_modules/jade
39 silly install write writing jade 1.9.2 to /usr/local/lib/node_modules/jade
40 silly cache addNamed cb jade@1.9.2
41 verbose unbuild lib/node_modules/jade
42 silly gentlyRm /usr/local/lib/node_modules/jade is being purged from base /usr/local
43 verbose gentlyRm don't care about contents; nuking /usr/local/lib/node_modules/jade
44 verbose tar unpack /home/hanxg/.npm/jade/1.9.2/package.tgz
45 verbose tar unpacking to /usr/local/lib/node_modules/jade
46 silly gentlyRm /usr/local/lib/node_modules/jade is being purged
47 verbose gentlyRm don't care about contents; nuking /usr/local/lib/node_modules/jade
48 silly gunzTarPerm modes [ '775', '664' ]
49 error tar.unpack untar error /home/hanxg/.npm/jade/1.9.2/package.tgz
50 verbose unlock done using /home/hanxg/.npm/_locks/jade-a5bf0277675e407f.lock for /usr/local/lib/node_modules/jade
51 verbose fstream_path /usr/local/lib/node_modules/jade
52 verbose fstream_type Directory
53 verbose fstream_class DirWriter
54 verbose stack Error: EACCES, mkdir '/usr/local/lib/node_modules/jade'
54 verbose stack     at Error (native)
55 verbose fstream_stack /usr/local/lib/node_modules/npm/node_modules/fstream/lib/dir-writer.js:36:23
55 verbose fstream_stack /usr/local/lib/node_modules/npm/node_modules/mkdirp/index.js:46:53
55 verbose fstream_stack FSReqWrap.oncomplete (fs.js:95:15)
56 verbose cwd /media/hanxg/工作/G/node/imooc/views
57 error Linux 3.16.0-34-generic
58 error argv "/usr/local/bin/node" "/usr/local/bin/npm" "install" "jade" "-g"
59 error node v0.12.2
60 error npm  v2.7.4
61 error path /usr/local/lib/node_modules/jade
62 error code EACCES
63 error errno -13
64 error Error: EACCES, mkdir '/usr/local/lib/node_modules/jade'
64 error     at Error (native)
64 error  { [Error: EACCES, mkdir '/usr/local/lib/node_modules/jade']
64 error   errno: -13,
64 error   code: 'EACCES',
64 error   path: '/usr/local/lib/node_modules/jade',
64 error   fstream_type: 'Directory',
64 error   fstream_path: '/usr/local/lib/node_modules/jade',
64 error   fstream_class: 'DirWriter',
64 error   fstream_stack:
64 error    [ '/usr/local/lib/node_modules/npm/node_modules/fstream/lib/dir-writer.js:36:23',
64 error      '/usr/local/lib/node_modules/npm/node_modules/mkdirp/index.js:46:53',
64 error      'FSReqWrap.oncomplete (fs.js:95:15)' ] }
65 error Please try running this command again as root/Administrator.
66 verbose exit [ -13, true ]
67 verbose unbuild lib/node_modules/jade
68 silly gentlyRm /usr/local/lib/node_modules/jade is being purged from base /usr/local
69 verbose gentlyRm don't care about contents; nuking /usr/local/lib/node_modules/jade
